<?xml version="1.0" encoding="UTF-8"?>
<testng-results skipped="0" failed="1" ignored="0" total="8" passed="7">
  <reporter-output>
  </reporter-output>
  <suite name="Default suite" duration-ms="145454" started-at="2021-06-11T03:46:52Z" finished-at="2021-06-11T03:49:17Z">
    <groups>
    </groups>
    <test name="Default test" duration-ms="145454" started-at="2021-06-11T03:46:52Z" finished-at="2021-06-11T03:49:17Z">
      <class name="com.qa.XtremeEcommTestCases.HomePageTest">
        <test-method status="PASS" signature="setupExtentReport()[pri:0, instance:com.qa.XtremeEcommTestCases.HomePageTest@5e4c8041]" name="setupExtentReport" is-config="true" duration-ms="435" started-at="2021-06-11T03:46:51Z" finished-at="2021-06-11T03:46:52Z">
          <reporter-output>
          </reporter-output>
        </test-method> <!-- setupExtentReport -->
        <test-method status="PASS" signature="setup()[pri:0, instance:com.qa.XtremeEcommTestCases.HomePageTest@5e4c8041]" name="setup" is-config="true" duration-ms="14883" started-at="2021-06-11T03:46:52Z" finished-at="2021-06-11T03:47:07Z">
          <reporter-output>
          </reporter-output>
        </test-method> <!-- setup -->
        <test-method status="FAIL" signature="validateHomePageTitleTest()[pri:1, instance:com.qa.XtremeEcommTestCases.HomePageTest@5e4c8041]" name="validateHomePageTitleTest" duration-ms="33" started-at="2021-06-11T03:47:07Z" finished-at="2021-06-11T03:47:07Z">
          <exception class="java.lang.AssertionError">
            <message>
              <![CDATA[Title not matched expected [11-Xtreme Ecommerce] but found [Xtreme Ecommerce]]]>
            </message>
            <full-stacktrace>
              <![CDATA[java.lang.AssertionError: Title not matched expected [11-Xtreme Ecommerce] but found [Xtreme Ecommerce]
at org.testng.Assert.fail(Assert.java:96)
at org.testng.Assert.failNotEquals(Assert.java:776)
at org.testng.Assert.assertEqualsImpl(Assert.java:137)
at org.testng.Assert.assertEquals(Assert.java:118)
at org.testng.Assert.assertEquals(Assert.java:453)
at com.qa.XtremeEcommTestCases.HomePageTest.validateHomePageTitleTest(HomePageTest.java:74)
at sun.reflect.NativeMethodAccessorImpl.invoke0(Native Method)
at sun.reflect.NativeMethodAccessorImpl.invoke(NativeMethodAccessorImpl.java:62)
at sun.reflect.DelegatingMethodAccessorImpl.invoke(DelegatingMethodAccessorImpl.java:43)
at java.lang.reflect.Method.invoke(Method.java:498)
at org.testng.internal.MethodInvocationHelper.invokeMethod(MethodInvocationHelper.java:124)
at org.testng.internal.Invoker.invokeMethod(Invoker.java:583)
at org.testng.internal.Invoker.invokeTestMethod(Invoker.java:719)
at org.testng.internal.Invoker.invokeTestMethods(Invoker.java:989)
at org.testng.internal.TestMethodWorker.invokeTestMethods(TestMethodWorker.java:125)
at org.testng.internal.TestMethodWorker.run(TestMethodWorker.java:109)
at org.testng.TestRunner.privateRun(TestRunner.java:648)
at org.testng.TestRunner.run(TestRunner.java:505)
at org.testng.SuiteRunner.runTest(SuiteRunner.java:455)
at org.testng.SuiteRunner.runSequentially(SuiteRunner.java:450)
at org.testng.SuiteRunner.privateRun(SuiteRunner.java:415)
at org.testng.SuiteRunner.run(SuiteRunner.java:364)
at org.testng.SuiteRunnerWorker.runSuite(SuiteRunnerWorker.java:52)
at org.testng.SuiteRunnerWorker.run(SuiteRunnerWorker.java:84)
at org.testng.TestNG.runSuitesSequentially(TestNG.java:1208)
at org.testng.TestNG.runSuitesLocally(TestNG.java:1137)
at org.testng.TestNG.runSuites(TestNG.java:1049)
at org.testng.TestNG.run(TestNG.java:1017)
at org.testng.remote.AbstractRemoteTestNG.run(AbstractRemoteTestNG.java:115)
at org.testng.remote.RemoteTestNG.initAndRun(RemoteTestNG.java:251)
at org.testng.remote.RemoteTestNG.main(RemoteTestNG.java:77)
]]>
            </full-stacktrace>
          </exception> <!-- java.lang.AssertionError -->
          <reporter-output>
          </reporter-output>
        </test-method> <!-- validateHomePageTitleTest -->
        <test-method status="PASS" signature="tearDown(org.testng.ITestResult)[pri:0, instance:com.qa.XtremeEcommTestCases.HomePageTest@5e4c8041]" name="tearDown" is-config="true" duration-ms="287" started-at="2021-06-11T03:47:07Z" finished-at="2021-06-11T03:47:07Z">
          <params>
            <param index="0">
              <value>
                <![CDATA[[TestResult name=validateHomePageTitleTest status=FAILURE method=HomePageTest.validateHomePageTitleTest()[pri:1, instance:com.qa.XtremeEcommTestCases.HomePageTest@5e4c8041] output={null}]]]>
              </value>
            </param>
          </params>
          <reporter-output>
          </reporter-output>
        </test-method> <!-- tearDown -->
        <test-method status="PASS" signature="setup()[pri:0, instance:com.qa.XtremeEcommTestCases.HomePageTest@5e4c8041]" name="setup" is-config="true" duration-ms="7681" started-at="2021-06-11T03:47:07Z" finished-at="2021-06-11T03:47:15Z">
          <reporter-output>
          </reporter-output>
        </test-method> <!-- setup -->
        <test-method status="PASS" signature="verifyHomePageLogoTest()[pri:2, instance:com.qa.XtremeEcommTestCases.HomePageTest@5e4c8041]" name="verifyHomePageLogoTest" duration-ms="153" started-at="2021-06-11T03:47:15Z" finished-at="2021-06-11T03:47:15Z">
          <reporter-output>
          </reporter-output>
        </test-method> <!-- verifyHomePageLogoTest -->
        <test-method status="PASS" signature="tearDown(org.testng.ITestResult)[pri:0, instance:com.qa.XtremeEcommTestCases.HomePageTest@5e4c8041]" name="tearDown" is-config="true" duration-ms="272" started-at="2021-06-11T03:47:15Z" finished-at="2021-06-11T03:47:15Z">
          <params>
            <param index="0">
              <value>
                <![CDATA[[TestResult name=verifyHomePageLogoTest status=SUCCESS method=HomePageTest.verifyHomePageLogoTest()[pri:2, instance:com.qa.XtremeEcommTestCases.HomePageTest@5e4c8041] output={null}]]]>
              </value>
            </param>
          </params>
          <reporter-output>
          </reporter-output>
        </test-method> <!-- tearDown -->
        <test-method status="PASS" signature="setup()[pri:0, instance:com.qa.XtremeEcommTestCases.HomePageTest@5e4c8041]" name="setup" is-config="true" duration-ms="8101" started-at="2021-06-11T03:47:15Z" finished-at="2021-06-11T03:47:23Z">
          <reporter-output>
          </reporter-output>
        </test-method> <!-- setup -->
        <test-method status="PASS" signature="validateHomePageApplicationLinkTest()[pri:3, instance:com.qa.XtremeEcommTestCases.HomePageTest@5e4c8041]" name="validateHomePageApplicationLinkTest" duration-ms="32319" started-at="2021-06-11T03:47:23Z" finished-at="2021-06-11T03:47:56Z">
          <reporter-output>
          </reporter-output>
        </test-method> <!-- validateHomePageApplicationLinkTest -->
        <test-method status="PASS" signature="tearDown(org.testng.ITestResult)[pri:0, instance:com.qa.XtremeEcommTestCases.HomePageTest@5e4c8041]" name="tearDown" is-config="true" duration-ms="255" started-at="2021-06-11T03:47:56Z" finished-at="2021-06-11T03:47:56Z">
          <params>
            <param index="0">
              <value>
                <![CDATA[[TestResult name=validateHomePageApplicationLinkTest status=SUCCESS method=HomePageTest.validateHomePageApplicationLinkTest()[pri:3, instance:com.qa.XtremeEcommTestCases.HomePageTest@5e4c8041] output={null}]]]>
              </value>
            </param>
          </params>
          <reporter-output>
          </reporter-output>
        </test-method> <!-- tearDown -->
        <test-method status="PASS" signature="setup()[pri:0, instance:com.qa.XtremeEcommTestCases.HomePageTest@5e4c8041]" name="setup" is-config="true" duration-ms="8529" started-at="2021-06-11T03:47:56Z" finished-at="2021-06-11T03:48:05Z">
          <reporter-output>
          </reporter-output>
        </test-method> <!-- setup -->
        <test-method status="PASS" signature="validateHomePageLoginBtnTest()[pri:4, instance:com.qa.XtremeEcommTestCases.HomePageTest@5e4c8041]" name="validateHomePageLoginBtnTest" duration-ms="2186" started-at="2021-06-11T03:48:05Z" finished-at="2021-06-11T03:48:07Z">
          <reporter-output>
          </reporter-output>
        </test-method> <!-- validateHomePageLoginBtnTest -->
        <test-method status="PASS" signature="tearDown(org.testng.ITestResult)[pri:0, instance:com.qa.XtremeEcommTestCases.HomePageTest@5e4c8041]" name="tearDown" is-config="true" duration-ms="316" started-at="2021-06-11T03:48:07Z" finished-at="2021-06-11T03:48:07Z">
          <params>
            <param index="0">
              <value>
                <![CDATA[[TestResult name=validateHomePageLoginBtnTest status=SUCCESS method=HomePageTest.validateHomePageLoginBtnTest()[pri:4, instance:com.qa.XtremeEcommTestCases.HomePageTest@5e4c8041] output={null}]]]>
              </value>
            </param>
          </params>
          <reporter-output>
          </reporter-output>
        </test-method> <!-- tearDown -->
        <test-method status="PASS" signature="setup()[pri:0, instance:com.qa.XtremeEcommTestCases.HomePageTest@5e4c8041]" name="setup" is-config="true" duration-ms="12022" started-at="2021-06-11T03:48:07Z" finished-at="2021-06-11T03:48:19Z">
          <reporter-output>
          </reporter-output>
        </test-method> <!-- setup -->
        <test-method status="PASS" signature="validateHomePageRegisterBtnTest()[pri:5, instance:com.qa.XtremeEcommTestCases.HomePageTest@5e4c8041]" name="validateHomePageRegisterBtnTest" duration-ms="2194" started-at="2021-06-11T03:48:19Z" finished-at="2021-06-11T03:48:21Z">
          <reporter-output>
          </reporter-output>
        </test-method> <!-- validateHomePageRegisterBtnTest -->
        <test-method status="PASS" signature="tearDown(org.testng.ITestResult)[pri:0, instance:com.qa.XtremeEcommTestCases.HomePageTest@5e4c8041]" name="tearDown" is-config="true" duration-ms="308" started-at="2021-06-11T03:48:21Z" finished-at="2021-06-11T03:48:22Z">
          <params>
            <param index="0">
              <value>
                <![CDATA[[TestResult name=validateHomePageRegisterBtnTest status=SUCCESS method=HomePageTest.validateHomePageRegisterBtnTest()[pri:5, instance:com.qa.XtremeEcommTestCases.HomePageTest@5e4c8041] output={null}]]]>
              </value>
            </param>
          </params>
          <reporter-output>
          </reporter-output>
        </test-method> <!-- tearDown -->
        <test-method status="PASS" signature="setup()[pri:0, instance:com.qa.XtremeEcommTestCases.HomePageTest@5e4c8041]" name="setup" is-config="true" duration-ms="12669" started-at="2021-06-11T03:48:22Z" finished-at="2021-06-11T03:48:34Z">
          <reporter-output>
          </reporter-output>
        </test-method> <!-- setup -->
        <test-method status="PASS" signature="validateHomePagePricingLinkTest()[pri:6, instance:com.qa.XtremeEcommTestCases.HomePageTest@5e4c8041]" name="validateHomePagePricingLinkTest" duration-ms="169" started-at="2021-06-11T03:48:34Z" finished-at="2021-06-11T03:48:34Z">
          <reporter-output>
          </reporter-output>
        </test-method> <!-- validateHomePagePricingLinkTest -->
        <test-method status="PASS" signature="tearDown(org.testng.ITestResult)[pri:0, instance:com.qa.XtremeEcommTestCases.HomePageTest@5e4c8041]" name="tearDown" is-config="true" duration-ms="589" started-at="2021-06-11T03:48:34Z" finished-at="2021-06-11T03:48:35Z">
          <params>
            <param index="0">
              <value>
                <![CDATA[[TestResult name=validateHomePagePricingLinkTest status=SUCCESS method=HomePageTest.validateHomePagePricingLinkTest()[pri:6, instance:com.qa.XtremeEcommTestCases.HomePageTest@5e4c8041] output={null}]]]>
              </value>
            </param>
          </params>
          <reporter-output>
          </reporter-output>
        </test-method> <!-- tearDown -->
        <test-method status="PASS" signature="setup()[pri:0, instance:com.qa.XtremeEcommTestCases.HomePageTest@5e4c8041]" name="setup" is-config="true" duration-ms="11293" started-at="2021-06-11T03:48:35Z" finished-at="2021-06-11T03:48:46Z">
          <reporter-output>
          </reporter-output>
        </test-method> <!-- setup -->
        <test-method status="PASS" signature="validateHomePageFAQTest()[pri:7, instance:com.qa.XtremeEcommTestCases.HomePageTest@5e4c8041]" name="validateHomePageFAQTest" duration-ms="135" started-at="2021-06-11T03:48:46Z" finished-at="2021-06-11T03:48:46Z">
          <reporter-output>
          </reporter-output>
        </test-method> <!-- validateHomePageFAQTest -->
        <test-method status="PASS" signature="tearDown(org.testng.ITestResult)[pri:0, instance:com.qa.XtremeEcommTestCases.HomePageTest@5e4c8041]" name="tearDown" is-config="true" duration-ms="541" started-at="2021-06-11T03:48:46Z" finished-at="2021-06-11T03:48:47Z">
          <params>
            <param index="0">
              <value>
                <![CDATA[[TestResult name=validateHomePageFAQTest status=SUCCESS method=HomePageTest.validateHomePageFAQTest()[pri:7, instance:com.qa.XtremeEcommTestCases.HomePageTest@5e4c8041] output={null}]]]>
              </value>
            </param>
          </params>
          <reporter-output>
          </reporter-output>
        </test-method> <!-- tearDown -->
        <test-method status="PASS" signature="setup()[pri:0, instance:com.qa.XtremeEcommTestCases.HomePageTest@5e4c8041]" name="setup" is-config="true" duration-ms="12071" started-at="2021-06-11T03:48:47Z" finished-at="2021-06-11T03:48:59Z">
          <reporter-output>
          </reporter-output>
        </test-method> <!-- setup -->
        <test-method status="PASS" signature="validateHomePageFooterLinkTest()[pri:8, instance:com.qa.XtremeEcommTestCases.HomePageTest@5e4c8041]" name="validateHomePageFooterLinkTest" duration-ms="17841" started-at="2021-06-11T03:48:59Z" finished-at="2021-06-11T03:49:17Z">
          <reporter-output>
          </reporter-output>
        </test-method> <!-- validateHomePageFooterLinkTest -->
        <test-method status="PASS" signature="tearDown(org.testng.ITestResult)[pri:0, instance:com.qa.XtremeEcommTestCases.HomePageTest@5e4c8041]" name="tearDown" is-config="true" duration-ms="269" started-at="2021-06-11T03:49:17Z" finished-at="2021-06-11T03:49:17Z">
          <params>
            <param index="0">
              <value>
                <![CDATA[[TestResult name=validateHomePageFooterLinkTest status=SUCCESS method=HomePageTest.validateHomePageFooterLinkTest()[pri:8, instance:com.qa.XtremeEcommTestCases.HomePageTest@5e4c8041] output={null}]]]>
              </value>
            </param>
          </params>
          <reporter-output>
          </reporter-output>
        </test-method> <!-- tearDown -->
        <test-method status="PASS" signature="tearExtentReport()[pri:0, instance:com.qa.XtremeEcommTestCases.HomePageTest@5e4c8041]" name="tearExtentReport" is-config="true" duration-ms="456" started-at="2021-06-11T03:49:17Z" finished-at="2021-06-11T03:49:18Z">
          <reporter-output>
          </reporter-output>
        </test-method> <!-- tearExtentReport -->
      </class> <!-- com.qa.XtremeEcommTestCases.HomePageTest -->
    </test> <!-- Default test -->
  </suite> <!-- Default suite -->
</testng-results>
